2021-05-05 2:04:37 - PHP Warning:  unlink(V:/domains/design/system/storage/cache/cache.catalog.language.1620183877): No such file or directory in V:\domains\design\system\library\cache\file.php on line 68
2021-05-05 2:25:16 - PHP Warning:  unlink(V:/domains/design/system/storage/cache/cache.catalog.language.1620185116): No such file or directory in V:\domains\design\system\library\cache\file.php on line 68
2021-05-05 2:43:35 - PHP Warning:  fopen(V:/domains/design/system/storage/cache/cache.catalog.language.1620186215): failed to open stream: Permission denied in V:\domains\design\system\library\cache\file.php on line 49
2021-05-05 2:43:35 - PHP Warning:  flock() expects parameter 1 to be resource, bool given in V:\domains\design\system\library\cache\file.php on line 51
2021-05-05 2:43:35 - PHP Warning:  fwrite() expects parameter 1 to be resource, bool given in V:\domains\design\system\library\cache\file.php on line 53
2021-05-05 2:43:35 - PHP Warning:  fflush() expects parameter 1 to be resource, bool given in V:\domains\design\system\library\cache\file.php on line 55
2021-05-05 2:43:35 - PHP Warning:  flock() expects parameter 1 to be resource, bool given in V:\domains\design\system\library\cache\file.php on line 57
2021-05-05 2:43:35 - PHP Warning:  fclose() expects parameter 1 to be resource, bool given in V:\domains\design\system\library\cache\file.php on line 59
2021-05-05 2:46:31 - PHP Warning:  unlink(V:/domains/design/system/storage/cache/cache.catalog.language.1620186391): No such file or directory in V:\domains\design\system\library\cache\file.php on line 68
2021-05-05 2:52:08 - PHP Notice:  Array to string conversion in V:\domains\design\system\library\template\Twig\Environment.php(403) : eval()'d code on line 19
2021-05-05 2:52:23 - PHP Notice:  Array to string conversion in V:\domains\design\system\library\template\Twig\Environment.php(403) : eval()'d code on line 19
2021-05-05 2:52:24 - PHP Notice:  Array to string conversion in V:\domains\design\system\library\template\Twig\Environment.php(403) : eval()'d code on line 19
2021-05-05 2:52:24 - PHP Notice:  Array to string conversion in V:\domains\design\system\library\template\Twig\Environment.php(403) : eval()'d code on line 19
2021-05-05 2:52:24 - PHP Notice:  Array to string conversion in V:\domains\design\system\library\template\Twig\Environment.php(403) : eval()'d code on line 19
2021-05-05 2:52:24 - PHP Notice:  Array to string conversion in V:\domains\design\system\library\template\Twig\Environment.php(403) : eval()'d code on line 19
2021-05-05 2:52:24 - PHP Notice:  Array to string conversion in V:\domains\design\system\library\template\Twig\Environment.php(403) : eval()'d code on line 19
2021-05-05 2:52:24 - PHP Notice:  Array to string conversion in V:\domains\design\system\library\template\Twig\Environment.php(403) : eval()'d code on line 19
2021-05-05 2:52:24 - PHP Warning:  fopen(V:/domains/design/system/storage/cache/cache.catalog.language.1620186744): failed to open stream: Permission denied in V:\domains\design\system\library\cache\file.php on line 49
2021-05-05 2:52:24 - PHP Warning:  flock() expects parameter 1 to be resource, bool given in V:\domains\design\system\library\cache\file.php on line 51
2021-05-05 2:52:24 - PHP Warning:  fwrite() expects parameter 1 to be resource, bool given in V:\domains\design\system\library\cache\file.php on line 53
2021-05-05 2:52:24 - PHP Warning:  fflush() expects parameter 1 to be resource, bool given in V:\domains\design\system\library\cache\file.php on line 55
2021-05-05 2:52:24 - PHP Warning:  flock() expects parameter 1 to be resource, bool given in V:\domains\design\system\library\cache\file.php on line 57
2021-05-05 2:52:24 - PHP Warning:  fclose() expects parameter 1 to be resource, bool given in V:\domains\design\system\library\cache\file.php on line 59
2021-05-05 2:52:25 - PHP Notice:  Array to string conversion in V:\domains\design\system\library\template\Twig\Environment.php(403) : eval()'d code on line 19
2021-05-05 2:52:25 - PHP Notice:  Array to string conversion in V:\domains\design\system\library\template\Twig\Environment.php(403) : eval()'d code on line 19
2021-05-05 2:52:25 - PHP Notice:  Array to string conversion in V:\domains\design\system\library\template\Twig\Environment.php(403) : eval()'d code on line 19
2021-05-05 2:52:49 - PHP Notice:  Array to string conversion in V:\domains\design\system\library\template\Twig\Environment.php(403) : eval()'d code on line 19
2021-05-05 2:52:49 - PHP Notice:  Array to string conversion in V:\domains\design\system\library\template\Twig\Environment.php(403) : eval()'d code on line 19
2021-05-05 2:52:49 - PHP Notice:  Array to string conversion in V:\domains\design\system\library\template\Twig\Environment.php(403) : eval()'d code on line 19
2021-05-05 2:52:49 - PHP Notice:  Array to string conversion in V:\domains\design\system\library\template\Twig\Environment.php(403) : eval()'d code on line 19
2021-05-05 2:52:50 - PHP Notice:  Array to string conversion in V:\domains\design\system\library\template\Twig\Environment.php(403) : eval()'d code on line 19
2021-05-05 2:52:50 - PHP Notice:  Array to string conversion in V:\domains\design\system\library\template\Twig\Environment.php(403) : eval()'d code on line 19
2021-05-05 2:52:50 - PHP Notice:  Array to string conversion in V:\domains\design\system\library\template\Twig\Environment.php(403) : eval()'d code on line 19
2021-05-05 2:52:50 - PHP Notice:  Array to string conversion in V:\domains\design\system\library\template\Twig\Environment.php(403) : eval()'d code on line 19
2021-05-05 2:52:51 - PHP Notice:  Array to string conversion in V:\domains\design\system\library\template\Twig\Environment.php(403) : eval()'d code on line 19
2021-05-05 2:52:51 - PHP Notice:  Array to string conversion in V:\domains\design\system\library\template\Twig\Environment.php(403) : eval()'d code on line 19
2021-05-05 2:52:57 - PHP Notice:  Undefined index: output in V:\domains\design\catalog\controller\common\content_bottom.php on line 66
2021-05-05 2:52:57 - PHP Notice:  Array to string conversion in V:\domains\design\system\library\template\Twig\Environment.php(403) : eval()'d code on line 19
2021-05-05 2:52:58 - PHP Notice:  Array to string conversion in V:\domains\design\system\library\template\Twig\Environment.php(403) : eval()'d code on line 19
2021-05-05 2:52:58 - PHP Notice:  Array to string conversion in V:\domains\design\system\library\template\Twig\Environment.php(403) : eval()'d code on line 19
2021-05-05 2:52:58 - PHP Notice:  Array to string conversion in V:\domains\design\system\library\template\Twig\Environment.php(403) : eval()'d code on line 19
2021-05-05 2:52:58 - PHP Warning:  fopen(V:/domains/design/system/storage/cache/cache.catalog.language.1620186778): failed to open stream: Permission denied in V:\domains\design\system\library\cache\file.php on line 49
2021-05-05 2:52:58 - PHP Warning:  flock() expects parameter 1 to be resource, bool given in V:\domains\design\system\library\cache\file.php on line 51
2021-05-05 2:52:58 - PHP Warning:  fwrite() expects parameter 1 to be resource, bool given in V:\domains\design\system\library\cache\file.php on line 53
2021-05-05 2:52:58 - PHP Warning:  fflush() expects parameter 1 to be resource, bool given in V:\domains\design\system\library\cache\file.php on line 55
2021-05-05 2:52:58 - PHP Warning:  flock() expects parameter 1 to be resource, bool given in V:\domains\design\system\library\cache\file.php on line 57
2021-05-05 2:52:58 - PHP Warning:  fclose() expects parameter 1 to be resource, bool given in V:\domains\design\system\library\cache\file.php on line 59
2021-05-05 2:52:58 - PHP Warning:  fopen(V:/domains/design/system/storage/cache/cache.catalog.language.1620186778): failed to open stream: Permission denied in V:\domains\design\system\library\cache\file.php on line 49
2021-05-05 2:52:58 - PHP Warning:  flock() expects parameter 1 to be resource, bool given in V:\domains\design\system\library\cache\file.php on line 51
2021-05-05 2:52:58 - PHP Warning:  fwrite() expects parameter 1 to be resource, bool given in V:\domains\design\system\library\cache\file.php on line 53
2021-05-05 2:52:58 - PHP Warning:  fflush() expects parameter 1 to be resource, bool given in V:\domains\design\system\library\cache\file.php on line 55
2021-05-05 2:52:58 - PHP Warning:  flock() expects parameter 1 to be resource, bool given in V:\domains\design\system\library\cache\file.php on line 57
2021-05-05 2:52:58 - PHP Warning:  fclose() expects parameter 1 to be resource, bool given in V:\domains\design\system\library\cache\file.php on line 59
2021-05-05 2:52:58 - PHP Warning:  fopen(V:/domains/design/system/storage/cache/cache.catalog.language.1620186778): failed to open stream: Permission denied in V:\domains\design\system\library\cache\file.php on line 49
2021-05-05 2:52:58 - PHP Warning:  flock() expects parameter 1 to be resource, bool given in V:\domains\design\system\library\cache\file.php on line 51
2021-05-05 2:52:58 - PHP Warning:  fwrite() expects parameter 1 to be resource, bool given in V:\domains\design\system\library\cache\file.php on line 53
2021-05-05 2:52:58 - PHP Warning:  fflush() expects parameter 1 to be resource, bool given in V:\domains\design\system\library\cache\file.php on line 55
2021-05-05 2:52:58 - PHP Warning:  flock() expects parameter 1 to be resource, bool given in V:\domains\design\system\library\cache\file.php on line 57
2021-05-05 2:52:58 - PHP Warning:  fclose() expects parameter 1 to be resource, bool given in V:\domains\design\system\library\cache\file.php on line 59
2021-05-05 2:52:58 - PHP Notice:  Array to string conversion in V:\domains\design\system\library\template\Twig\Environment.php(403) : eval()'d code on line 19
2021-05-05 2:52:58 - PHP Notice:  Array to string conversion in V:\domains\design\system\library\template\Twig\Environment.php(403) : eval()'d code on line 19
2021-05-05 2:52:58 - PHP Notice:  Array to string conversion in V:\domains\design\system\library\template\Twig\Environment.php(403) : eval()'d code on line 19
2021-05-05 2:52:59 - PHP Notice:  Array to string conversion in V:\domains\design\system\library\template\Twig\Environment.php(403) : eval()'d code on line 19
2021-05-05 2:52:59 - PHP Notice:  Array to string conversion in V:\domains\design\system\library\template\Twig\Environment.php(403) : eval()'d code on line 19
2021-05-05 2:52:59 - PHP Notice:  Array to string conversion in V:\domains\design\system\library\template\Twig\Environment.php(403) : eval()'d code on line 19
2021-05-05 2:53:04 - PHP Notice:  Array to string conversion in V:\domains\design\system\library\template\Twig\Environment.php(403) : eval()'d code on line 19
2021-05-05 2:53:05 - PHP Notice:  Array to string conversion in V:\domains\design\system\library\template\Twig\Environment.php(403) : eval()'d code on line 19
2021-05-05 2:53:05 - PHP Notice:  Array to string conversion in V:\domains\design\system\library\template\Twig\Environment.php(403) : eval()'d code on line 19
2021-05-05 2:53:05 - PHP Notice:  Array to string conversion in V:\domains\design\system\library\template\Twig\Environment.php(403) : eval()'d code on line 19
2021-05-05 2:53:06 - PHP Notice:  Array to string conversion in V:\domains\design\system\library\template\Twig\Environment.php(403) : eval()'d code on line 19
2021-05-05 2:53:06 - PHP Notice:  Array to string conversion in V:\domains\design\system\library\template\Twig\Environment.php(403) : eval()'d code on line 19
2021-05-05 2:53:06 - PHP Notice:  Array to string conversion in V:\domains\design\system\library\template\Twig\Environment.php(403) : eval()'d code on line 19
2021-05-05 2:53:14 - PHP Notice:  Array to string conversion in V:\domains\design\system\library\template\Twig\Environment.php(403) : eval()'d code on line 19
2021-05-05 2:53:15 - PHP Notice:  Array to string conversion in V:\domains\design\system\library\template\Twig\Environment.php(403) : eval()'d code on line 19
2021-05-05 2:53:15 - PHP Notice:  Array to string conversion in V:\domains\design\system\library\template\Twig\Environment.php(403) : eval()'d code on line 19
2021-05-05 2:53:15 - PHP Notice:  Array to string conversion in V:\domains\design\system\library\template\Twig\Environment.php(403) : eval()'d code on line 19
2021-05-05 2:53:15 - PHP Notice:  Array to string conversion in V:\domains\design\system\library\template\Twig\Environment.php(403) : eval()'d code on line 19
2021-05-05 2:53:15 - PHP Notice:  Array to string conversion in V:\domains\design\system\library\template\Twig\Environment.php(403) : eval()'d code on line 19
2021-05-05 2:53:15 - PHP Notice:  Array to string conversion in V:\domains\design\system\library\template\Twig\Environment.php(403) : eval()'d code on line 19
2021-05-05 2:54:13 - PHP Notice:  Array to string conversion in V:\domains\design\system\library\template\Twig\Environment.php(403) : eval()'d code on line 19
2021-05-05 11:41:48 - PHP Notice:  Undefined variable: options in V:\domains\design\catalog\controller\product\product.php on line 349
2021-05-05 11:49:45 - PHP Notice:  Array to string conversion in V:\domains\design\system\library\template\Twig\Environment.php(403) : eval()'d code on line 225
2021-05-07 8:33:06 - PHP Notice:  Array to string conversion in V:\domains\design\system\library\template\Twig\Environment.php(403) : eval()'d code on line 68
2021-05-07 8:56:50 - PHP Notice:  Undefined variable: product_id in V:\domains\design\catalog\controller\product\category.php on line 221
2021-05-07 8:56:50 - PHP Notice:  Undefined offset: 0 in V:\domains\design\catalog\controller\product\category.php on line 223
2021-05-07 8:56:50 - PHP Notice:  Trying to access array offset on value of type null in V:\domains\design\catalog\controller\product\category.php on line 223
2021-05-07 8:56:50 - PHP Notice:  Undefined index: name in V:\domains\design\catalog\controller\product\category.php on line 229
2021-05-07 8:56:50 - PHP Notice:  Undefined variable: product_id in V:\domains\design\catalog\controller\product\category.php on line 221
2021-05-07 8:56:50 - PHP Notice:  Undefined offset: 0 in V:\domains\design\catalog\controller\product\category.php on line 223
2021-05-07 8:56:50 - PHP Notice:  Trying to access array offset on value of type null in V:\domains\design\catalog\controller\product\category.php on line 223
2021-05-07 8:56:50 - PHP Notice:  Undefined index: name in V:\domains\design\catalog\controller\product\category.php on line 229
2021-05-07 8:56:50 - PHP Notice:  Undefined variable: product_id in V:\domains\design\catalog\controller\product\category.php on line 221
2021-05-07 8:56:50 - PHP Notice:  Undefined offset: 0 in V:\domains\design\catalog\controller\product\category.php on line 223
2021-05-07 8:56:50 - PHP Notice:  Trying to access array offset on value of type null in V:\domains\design\catalog\controller\product\category.php on line 223
2021-05-07 8:56:50 - PHP Notice:  Undefined index: name in V:\domains\design\catalog\controller\product\category.php on line 229
2021-05-07 8:56:50 - PHP Notice:  Undefined variable: product_id in V:\domains\design\catalog\controller\product\category.php on line 221
2021-05-07 8:56:50 - PHP Notice:  Undefined offset: 0 in V:\domains\design\catalog\controller\product\category.php on line 223
2021-05-07 8:56:50 - PHP Notice:  Trying to access array offset on value of type null in V:\domains\design\catalog\controller\product\category.php on line 223
2021-05-07 8:56:50 - PHP Notice:  Undefined index: name in V:\domains\design\catalog\controller\product\category.php on line 229
2021-05-07 8:56:50 - PHP Notice:  Undefined variable: product_id in V:\domains\design\catalog\controller\product\category.php on line 221
2021-05-07 8:56:50 - PHP Notice:  Undefined offset: 0 in V:\domains\design\catalog\controller\product\category.php on line 223
2021-05-07 8:56:50 - PHP Notice:  Trying to access array offset on value of type null in V:\domains\design\catalog\controller\product\category.php on line 223
2021-05-07 8:56:50 - PHP Notice:  Undefined index: name in V:\domains\design\catalog\controller\product\category.php on line 229
2021-05-07 8:56:50 - PHP Notice:  Undefined variable: product_id in V:\domains\design\catalog\controller\product\category.php on line 221
2021-05-07 8:56:50 - PHP Notice:  Undefined offset: 0 in V:\domains\design\catalog\controller\product\category.php on line 223
2021-05-07 8:56:50 - PHP Notice:  Trying to access array offset on value of type null in V:\domains\design\catalog\controller\product\category.php on line 223
2021-05-07 8:56:50 - PHP Notice:  Undefined index: name in V:\domains\design\catalog\controller\product\category.php on line 229
2021-05-07 8:56:50 - PHP Notice:  Undefined variable: product_id in V:\domains\design\catalog\controller\product\category.php on line 221
2021-05-07 8:56:50 - PHP Notice:  Undefined offset: 0 in V:\domains\design\catalog\controller\product\category.php on line 223
2021-05-07 8:56:50 - PHP Notice:  Trying to access array offset on value of type null in V:\domains\design\catalog\controller\product\category.php on line 223
2021-05-07 8:56:50 - PHP Notice:  Undefined index: name in V:\domains\design\catalog\controller\product\category.php on line 229
2021-05-07 8:56:50 - PHP Notice:  Undefined variable: product_id in V:\domains\design\catalog\controller\product\category.php on line 221
2021-05-07 8:56:50 - PHP Notice:  Undefined offset: 0 in V:\domains\design\catalog\controller\product\category.php on line 223
2021-05-07 8:56:50 - PHP Notice:  Trying to access array offset on value of type null in V:\domains\design\catalog\controller\product\category.php on line 223
2021-05-07 8:56:50 - PHP Notice:  Undefined index: name in V:\domains\design\catalog\controller\product\category.php on line 229
2021-05-07 8:56:50 - PHP Notice:  Undefined variable: product_id in V:\domains\design\catalog\controller\product\category.php on line 221
2021-05-07 8:56:50 - PHP Notice:  Undefined offset: 0 in V:\domains\design\catalog\controller\product\category.php on line 223
2021-05-07 8:56:50 - PHP Notice:  Trying to access array offset on value of type null in V:\domains\design\catalog\controller\product\category.php on line 223
2021-05-07 8:56:50 - PHP Notice:  Undefined index: name in V:\domains\design\catalog\controller\product\category.php on line 229
2021-05-07 8:56:50 - PHP Notice:  Undefined variable: product_id in V:\domains\design\catalog\controller\product\category.php on line 221
2021-05-07 8:56:50 - PHP Notice:  Undefined offset: 0 in V:\domains\design\catalog\controller\product\category.php on line 223
2021-05-07 8:56:50 - PHP Notice:  Trying to access array offset on value of type null in V:\domains\design\catalog\controller\product\category.php on line 223
2021-05-07 8:56:50 - PHP Notice:  Undefined index: name in V:\domains\design\catalog\controller\product\category.php on line 229
2021-05-07 8:56:50 - PHP Notice:  Undefined variable: product_id in V:\domains\design\catalog\controller\product\category.php on line 221
2021-05-07 8:56:50 - PHP Notice:  Undefined offset: 0 in V:\domains\design\catalog\controller\product\category.php on line 223
2021-05-07 8:56:50 - PHP Notice:  Trying to access array offset on value of type null in V:\domains\design\catalog\controller\product\category.php on line 223
2021-05-07 8:56:50 - PHP Notice:  Undefined index: name in V:\domains\design\catalog\controller\product\category.php on line 229
2021-05-07 8:56:50 - PHP Notice:  Undefined variable: product_id in V:\domains\design\catalog\controller\product\category.php on line 221
2021-05-07 8:56:50 - PHP Notice:  Undefined offset: 0 in V:\domains\design\catalog\controller\product\category.php on line 223
2021-05-07 8:56:50 - PHP Notice:  Trying to access array offset on value of type null in V:\domains\design\catalog\controller\product\category.php on line 223
2021-05-07 8:56:50 - PHP Notice:  Undefined index: name in V:\domains\design\catalog\controller\product\category.php on line 229
2021-05-07 8:56:50 - PHP Notice:  Undefined variable: product_id in V:\domains\design\catalog\controller\product\category.php on line 221
2021-05-07 8:56:50 - PHP Notice:  Undefined offset: 0 in V:\domains\design\catalog\controller\product\category.php on line 223
2021-05-07 8:56:50 - PHP Notice:  Trying to access array offset on value of type null in V:\domains\design\catalog\controller\product\category.php on line 223
2021-05-07 8:56:50 - PHP Notice:  Undefined index: name in V:\domains\design\catalog\controller\product\category.php on line 229
2021-05-07 8:56:50 - PHP Notice:  Undefined variable: product_id in V:\domains\design\catalog\controller\product\category.php on line 221
2021-05-07 8:56:50 - PHP Notice:  Undefined offset: 0 in V:\domains\design\catalog\controller\product\category.php on line 223
2021-05-07 8:56:50 - PHP Notice:  Trying to access array offset on value of type null in V:\domains\design\catalog\controller\product\category.php on line 223
2021-05-07 8:56:50 - PHP Notice:  Undefined index: name in V:\domains\design\catalog\controller\product\category.php on line 229
2021-05-07 8:56:50 - PHP Notice:  Undefined variable: product_id in V:\domains\design\catalog\controller\product\category.php on line 221
2021-05-07 8:56:50 - PHP Notice:  Undefined offset: 0 in V:\domains\design\catalog\controller\product\category.php on line 223
2021-05-07 8:56:50 - PHP Notice:  Trying to access array offset on value of type null in V:\domains\design\catalog\controller\product\category.php on line 223
2021-05-07 8:56:50 - PHP Notice:  Undefined index: name in V:\domains\design\catalog\controller\product\category.php on line 229
2021-05-07 9:08:55 - PHP Notice:  A non well formed numeric value encountered in V:\domains\design\catalog\controller\product\category.php on line 207
2021-05-07 9:08:55 - PHP Notice:  A non well formed numeric value encountered in V:\domains\design\catalog\controller\product\category.php on line 207
2021-05-07 9:09:32 - PHP Notice:  A non well formed numeric value encountered in V:\domains\design\catalog\controller\product\category.php on line 207
2021-05-07 9:09:32 - PHP Notice:  A non well formed numeric value encountered in V:\domains\design\catalog\controller\product\category.php on line 207
2021-05-07 9:09:52 - PHP Notice:  A non well formed numeric value encountered in V:\domains\design\catalog\controller\product\category.php on line 207
2021-05-07 9:09:52 - PHP Notice:  A non well formed numeric value encountered in V:\domains\design\catalog\controller\product\category.php on line 207
2021-05-07 9:15:24 - PHP Notice:  A non well formed numeric value encountered in V:\domains\design\catalog\controller\product\category.php on line 207
2021-05-07 9:15:24 - PHP Notice:  A non well formed numeric value encountered in V:\domains\design\catalog\controller\product\category.php on line 207
2021-05-07 9:25:48 - PHP Notice:  A non well formed numeric value encountered in V:\domains\design\catalog\controller\product\category.php on line 207
2021-05-07 9:25:48 - PHP Notice:  A non well formed numeric value encountered in V:\domains\design\catalog\controller\product\category.php on line 207
2021-05-07 9:26:32 - PHP Notice:  A non well formed numeric value encountered in V:\domains\design\catalog\controller\product\category.php on line 207
2021-05-07 9:26:32 - PHP Notice:  A non well formed numeric value encountered in V:\domains\design\catalog\controller\product\category.php on line 207
2021-05-07 9:26:32 - PHP Notice:  A non well formed numeric value encountered in V:\domains\design\catalog\controller\product\category.php on line 207
2021-05-07 9:26:58 - PHP Notice:  A non well formed numeric value encountered in V:\domains\design\catalog\controller\product\category.php on line 207
2021-05-07 9:26:58 - PHP Notice:  A non well formed numeric value encountered in V:\domains\design\catalog\controller\product\category.php on line 207
2021-05-07 9:26:58 - PHP Notice:  A non well formed numeric value encountered in V:\domains\design\catalog\controller\product\category.php on line 207
2021-05-07 9:27:22 - PHP Notice:  A non well formed numeric value encountered in V:\domains\design\catalog\controller\product\category.php on line 207
2021-05-07 9:27:22 - PHP Notice:  A non well formed numeric value encountered in V:\domains\design\catalog\controller\product\category.php on line 207
2021-05-07 9:27:22 - PHP Notice:  A non well formed numeric value encountered in V:\domains\design\catalog\controller\product\category.php on line 207
2021-05-07 9:27:22 - PHP Warning:  var_dump() expects at least 1 parameter, 0 given in V:\domains\design\catalog\controller\product\category.php on line 208
2021-05-07 9:27:34 - PHP Notice:  A non well formed numeric value encountered in V:\domains\design\catalog\controller\product\category.php on line 207
2021-05-07 9:27:34 - PHP Notice:  A non well formed numeric value encountered in V:\domains\design\catalog\controller\product\category.php on line 207
2021-05-07 9:27:34 - PHP Notice:  A non well formed numeric value encountered in V:\domains\design\catalog\controller\product\category.php on line 207
2021-05-07 9:27:34 - PHP Warning:  var_dump() expects at least 1 parameter, 0 given in V:\domains\design\catalog\controller\product\category.php on line 208
2021-05-07 9:28:01 - PHP Warning:  var_dump() expects at least 1 parameter, 0 given in V:\domains\design\catalog\controller\product\category.php on line 208
2021-05-07 9:30:15 - PHP Warning:  var_dump() expects at least 1 parameter, 0 given in V:\domains\design\catalog\controller\product\category.php on line 207
2021-05-07 11:22:03 - PHP Warning:  mysqli::__construct(): (HY000/2002): No such file or directory in /home/ey413642/allegria.com.ua/www/system/library/db/mysqli.php on line 7
2021-05-07 11:22:03 - PHP Warning:  DB\MySQLi::__construct(): Couldn't fetch mysqli in /home/ey413642/allegria.com.ua/www/system/library/db/mysqli.php on line 10
2021-05-07 11:22:03 - PHP Warning:  DB\MySQLi::__construct(): Couldn't fetch mysqli in /home/ey413642/allegria.com.ua/www/system/library/db/mysqli.php on line 10
2021-05-07 11:23:32 - PHP Warning:  mysqli::__construct(): (HY000/2002): No such file or directory in /home/ey413642/allegria.com.ua/www/system/library/db/mysqli.php on line 7
2021-05-07 11:23:32 - PHP Warning:  DB\MySQLi::__construct(): Couldn't fetch mysqli in /home/ey413642/allegria.com.ua/www/system/library/db/mysqli.php on line 10
2021-05-07 11:23:32 - PHP Warning:  DB\MySQLi::__construct(): Couldn't fetch mysqli in /home/ey413642/allegria.com.ua/www/system/library/db/mysqli.php on line 10
2021-05-11 14:43:07 - PHP Warning:  mysqli::__construct(): (HY000/2002): No such file or directory in /home/ey413642/allegria.com.ua/www/system/library/db/mysqli.php on line 7
2021-05-11 14:43:07 - PHP Warning:  DB\MySQLi::__construct(): Couldn't fetch mysqli in /home/ey413642/allegria.com.ua/www/system/library/db/mysqli.php on line 10
2021-05-11 14:43:07 - PHP Warning:  DB\MySQLi::__construct(): Couldn't fetch mysqli in /home/ey413642/allegria.com.ua/www/system/library/db/mysqli.php on line 10
2021-05-11 14:44:55 - PHP Warning:  mysqli::__construct(): (HY000/2002): No such file or directory in /home/ey413642/allegria.com.ua/www/system/library/db/mysqli.php on line 7
2021-05-11 14:44:55 - PHP Warning:  DB\MySQLi::__construct(): Couldn't fetch mysqli in /home/ey413642/allegria.com.ua/www/system/library/db/mysqli.php on line 10
2021-05-11 14:44:55 - PHP Warning:  DB\MySQLi::__construct(): Couldn't fetch mysqli in /home/ey413642/allegria.com.ua/www/system/library/db/mysqli.php on line 10
2021-05-26 13:02:16 - PHP Warning:  unlink(/home/ey413642/allegria.com.ua/www/system/storage/cache/cache.catalog.language.1622037736): No such file or directory in /home/ey413642/allegria.com.ua/www/system/library/cache/file.php on line 68
